0 info it worked if it ends with ok
1 verbose cli [ '/usr/bin/nodejs',
1 verbose cli   '/usr/bin/npm',
1 verbose cli   'install',
1 verbose cli   '--save-dev',
1 verbose cli   'grunt-contrib-watch' ]
2 info using npm@1.4.21
3 info using node@v0.10.25
4 warn package.json pincushion@0.0.0 No description
5 warn package.json pincushion@0.0.0 No repository field.
6 warn package.json pincushion@0.0.0 No README data
7 verbose readDependencies using package.json deps
8 verbose cache add [ 'grunt-contrib-watch', null ]
9 verbose cache add name=undefined spec="grunt-contrib-watch" args=["grunt-contrib-watch",null]
10 verbose parsed url { protocol: null,
10 verbose parsed url   slashes: null,
10 verbose parsed url   auth: null,
10 verbose parsed url   host: null,
10 verbose parsed url   port: null,
10 verbose parsed url   hostname: null,
10 verbose parsed url   hash: null,
10 verbose parsed url   search: null,
10 verbose parsed url   query: null,
10 verbose parsed url   pathname: 'grunt-contrib-watch',
10 verbose parsed url   path: 'grunt-contrib-watch',
10 verbose parsed url   href: 'grunt-contrib-watch' }
11 silly lockFile 7f2b8bdb-grunt-contrib-watch grunt-contrib-watch
12 verbose lock grunt-contrib-watch /home/vinitlee/.npm/7f2b8bdb-grunt-contrib-watch.lock
13 silly lockFile 7f2b8bdb-grunt-contrib-watch grunt-contrib-watch
14 silly lockFile 7f2b8bdb-grunt-contrib-watch grunt-contrib-watch
15 verbose addNamed [ 'grunt-contrib-watch', '' ]
16 verbose addNamed [ null, '*' ]
17 silly lockFile b64937f1-grunt-contrib-watch grunt-contrib-watch@
18 verbose lock grunt-contrib-watch@ /home/vinitlee/.npm/b64937f1-grunt-contrib-watch.lock
19 silly addNameRange { name: 'grunt-contrib-watch', range: '*', hasData: false }
20 verbose request where is /grunt-contrib-watch
21 verbose request registry https://registry.npmjs.org/
22 verbose request id 63ab42bfbbd5f97c
23 verbose url raw /grunt-contrib-watch
24 verbose url resolving [ 'https://registry.npmjs.org/', './grunt-contrib-watch' ]
25 verbose url resolved https://registry.npmjs.org/grunt-contrib-watch
26 verbose request where is https://registry.npmjs.org/grunt-contrib-watch
27 info trying registry request attempt 1 at 15:56:09
28 http GET https://registry.npmjs.org/grunt-contrib-watch
29 http 200 https://registry.npmjs.org/grunt-contrib-watch
30 silly registry.get cb [ 200,
30 silly registry.get   { server: 'CouchDB/1.5.0 (Erlang OTP/R16B03)',
30 silly registry.get     etag: '"D7C19SHCH32AM16WID96LTI3I"',
30 silly registry.get     'content-type': 'application/json',
30 silly registry.get     'cache-control': 'max-age=60',
30 silly registry.get     'content-length': '58988',
30 silly registry.get     'accept-ranges': 'bytes',
30 silly registry.get     date: 'Thu, 24 Sep 2015 22:56:09 GMT',
30 silly registry.get     via: '1.1 varnish',
30 silly registry.get     age: '49',
30 silly registry.get     connection: 'keep-alive',
30 silly registry.get     'x-served-by': 'cache-lax1432-LAX',
30 silly registry.get     'x-cache': 'HIT',
30 silly registry.get     'x-cache-hits': '1',
30 silly registry.get     'x-timer': 'S1443135369.659203,VS0,VE1',
30 silly registry.get     vary: 'Accept' } ]
31 silly addNameRange number 2 { name: 'grunt-contrib-watch', range: '*', hasData: true }
32 silly addNameRange versions [ 'grunt-contrib-watch',
32 silly addNameRange   [ '0.1.0',
32 silly addNameRange     '0.1.1',
32 silly addNameRange     '0.1.2',
32 silly addNameRange     '0.1.3',
32 silly addNameRange     '0.1.4',
32 silly addNameRange     '0.2.0',
32 silly addNameRange     '0.3.0',
32 silly addNameRange     '0.3.1',
32 silly addNameRange     '0.4.0',
32 silly addNameRange     '0.4.1',
32 silly addNameRange     '0.4.2',
32 silly addNameRange     '0.4.3',
32 silly addNameRange     '0.4.4',
32 silly addNameRange     '0.5.0',
32 silly addNameRange     '0.5.1',
32 silly addNameRange     '0.5.2',
32 silly addNameRange     '0.5.3',
32 silly addNameRange     '0.6.0',
32 silly addNameRange     '0.6.1',
32 silly addNameRange     '0.2.0-a',
32 silly addNameRange     '0.2.0-rc5',
32 silly addNameRange     '0.2.0-rc7' ] ]
33 verbose addNamed [ 'grunt-contrib-watch', '0.6.1' ]
34 verbose addNamed [ '0.6.1', '0.6.1' ]
35 silly lockFile 08049756-grunt-contrib-watch-0-6-1 grunt-contrib-watch@0.6.1
36 verbose lock grunt-contrib-watch@0.6.1 /home/vinitlee/.npm/08049756-grunt-contrib-watch-0-6-1.lock
37 silly lockFile 0fc29299-ch-grunt-contrib-watch-0-6-1-tgz https://registry.npmjs.org/grunt-contrib-watch/-/grunt-contrib-watch-0.6.1.tgz
38 verbose lock https://registry.npmjs.org/grunt-contrib-watch/-/grunt-contrib-watch-0.6.1.tgz /home/vinitlee/.npm/0fc29299-ch-grunt-contrib-watch-0-6-1-tgz.lock
39 verbose addRemoteTarball [ 'https://registry.npmjs.org/grunt-contrib-watch/-/grunt-contrib-watch-0.6.1.tgz',
39 verbose addRemoteTarball   '64fdcba25a635f5b4da1b6ce6f90da0aeb6e3f15' ]
40 info retry fetch attempt 1 at 15:56:09
41 verbose fetch to= /tmp/npm-7383-xJrMyawu/registry.npmjs.org/grunt-contrib-watch/-/grunt-contrib-watch-0.6.1.tgz
42 http GET https://registry.npmjs.org/grunt-contrib-watch/-/grunt-contrib-watch-0.6.1.tgz
43 http 200 https://registry.npmjs.org/grunt-contrib-watch/-/grunt-contrib-watch-0.6.1.tgz
44 silly lockFile 0fc29299-ch-grunt-contrib-watch-0-6-1-tgz https://registry.npmjs.org/grunt-contrib-watch/-/grunt-contrib-watch-0.6.1.tgz
45 silly lockFile 0fc29299-ch-grunt-contrib-watch-0-6-1-tgz https://registry.npmjs.org/grunt-contrib-watch/-/grunt-contrib-watch-0.6.1.tgz
46 silly lockFile 08049756-grunt-contrib-watch-0-6-1 grunt-contrib-watch@0.6.1
47 silly lockFile 08049756-grunt-contrib-watch-0-6-1 grunt-contrib-watch@0.6.1
48 silly lockFile b64937f1-grunt-contrib-watch grunt-contrib-watch@
49 silly lockFile b64937f1-grunt-contrib-watch grunt-contrib-watch@
50 silly resolved [ { name: 'grunt-contrib-watch',
50 silly resolved     description: 'Run predefined tasks whenever watched file patterns are added, changed or deleted.',
50 silly resolved     version: '0.6.1',
50 silly resolved     homepage: 'https://github.com/gruntjs/grunt-contrib-watch',
50 silly resolved     author: { name: 'Grunt Team', url: 'http://gruntjs.com/' },
50 silly resolved     repository:
50 silly resolved      { type: 'git',
50 silly resolved        url: 'git://github.com/gruntjs/grunt-contrib-watch.git' },
50 silly resolved     bugs: { url: 'https://github.com/gruntjs/grunt-contrib-watch/issues' },
50 silly resolved     licenses: [ [Object] ],
50 silly resolved     engines: { node: '>= 0.8.0' },
50 silly resolved     scripts: { test: 'grunt nodeunit -v' },
50 silly resolved     dependencies:
50 silly resolved      { gaze: '~0.5.1',
50 silly resolved        'tiny-lr-fork': '0.0.5',
50 silly resolved        lodash: '~2.4.1',
50 silly resolved        async: '~0.2.9' },
50 silly resolved     devDependencies:
50 silly resolved      { grunt: '~0.4.0',
50 silly resolved        'grunt-contrib-jshint': '~0.8.0',
50 silly resolved        'grunt-contrib-nodeunit': '~0.3.3',
50 silly resolved        'grunt-contrib-internal': '~0.4.7',
50 silly resolved        'underscore.string': '~2.3.3' },
50 silly resolved     peerDependencies: { grunt: '~0.4.0' },
50 silly resolved     keywords: [ 'gruntplugin', 'watch' ],
50 silly resolved     files: [ 'tasks', 'LICENSE-MIT' ],
50 silly resolved     _id: 'grunt-contrib-watch@0.6.1',
50 silly resolved     dist:
50 silly resolved      { shasum: '64fdcba25a635f5b4da1b6ce6f90da0aeb6e3f15',
50 silly resolved        tarball: 'http://registry.npmjs.org/grunt-contrib-watch/-/grunt-contrib-watch-0.6.1.tgz' },
50 silly resolved     _from: 'grunt-contrib-watch@',
50 silly resolved     _npmVersion: '1.4.4',
50 silly resolved     _npmUser: { name: 'shama', email: 'kyle@dontkry.com' },
50 silly resolved     maintainers: [ [Object], [Object], [Object], [Object], [Object], [Object] ],
50 silly resolved     directories: {},
50 silly resolved     _shasum: '64fdcba25a635f5b4da1b6ce6f90da0aeb6e3f15',
50 silly resolved     _resolved: 'https://registry.npmjs.org/grunt-contrib-watch/-/grunt-contrib-watch-0.6.1.tgz' } ]
51 info install grunt-contrib-watch@0.6.1 into /media/vinitlee/Feelers/Documents/Code/pincushion
52 info installOne grunt-contrib-watch@0.6.1
53 verbose node_modules/grunt-contrib-watch unbuild
54 verbose tar unpack /home/vinitlee/.npm/grunt-contrib-watch/0.6.1/package.tgz
55 silly lockFile 92c4531f-node-modules-grunt-contrib-watch tar:///media/vinitlee/Feelers/Documents/Code/pincushion/node_modules/grunt-contrib-watch
56 verbose lock tar:///media/vinitlee/Feelers/Documents/Code/pincushion/node_modules/grunt-contrib-watch /home/vinitlee/.npm/92c4531f-node-modules-grunt-contrib-watch.lock
57 silly lockFile cb1d6419--contrib-watch-0-6-1-package-tgz tar:///home/vinitlee/.npm/grunt-contrib-watch/0.6.1/package.tgz
58 verbose lock tar:///home/vinitlee/.npm/grunt-contrib-watch/0.6.1/package.tgz /home/vinitlee/.npm/cb1d6419--contrib-watch-0-6-1-package-tgz.lock
59 silly gunzTarPerm modes [ '775', '664' ]
60 silly gunzTarPerm extractEntry package.json
61 silly gunzTarPerm modified mode [ 'package.json', 420, 436 ]
62 silly gunzTarPerm extractEntry README.md
63 silly gunzTarPerm modified mode [ 'README.md', 420, 436 ]
64 silly gunzTarPerm extractEntry LICENSE-MIT
65 silly gunzTarPerm modified mode [ 'LICENSE-MIT', 420, 436 ]
66 silly gunzTarPerm extractEntry tasks/watch.js
67 silly gunzTarPerm modified mode [ 'tasks/watch.js', 420, 436 ]
68 silly gunzTarPerm extractEntry tasks/lib/livereload.js
69 silly gunzTarPerm modified mode [ 'tasks/lib/livereload.js', 420, 436 ]
70 silly gunzTarPerm extractEntry tasks/lib/taskrun.js
71 silly gunzTarPerm modified mode [ 'tasks/lib/taskrun.js', 420, 436 ]
72 silly gunzTarPerm extractEntry tasks/lib/taskrunner.js
73 silly gunzTarPerm modified mode [ 'tasks/lib/taskrunner.js', 420, 436 ]
74 silly lockFile 92c4531f-node-modules-grunt-contrib-watch tar:///media/vinitlee/Feelers/Documents/Code/pincushion/node_modules/grunt-contrib-watch
75 silly lockFile 92c4531f-node-modules-grunt-contrib-watch tar:///media/vinitlee/Feelers/Documents/Code/pincushion/node_modules/grunt-contrib-watch
76 silly lockFile cb1d6419--contrib-watch-0-6-1-package-tgz tar:///home/vinitlee/.npm/grunt-contrib-watch/0.6.1/package.tgz
77 silly lockFile cb1d6419--contrib-watch-0-6-1-package-tgz tar:///home/vinitlee/.npm/grunt-contrib-watch/0.6.1/package.tgz
78 info preinstall grunt-contrib-watch@0.6.1
79 verbose readDependencies using package.json deps
80 verbose readDependencies using package.json deps
81 verbose cache add [ 'gaze@~0.5.1', null ]
82 verbose cache add name=undefined spec="gaze@~0.5.1" args=["gaze@~0.5.1",null]
83 verbose parsed url { protocol: null,
83 verbose parsed url   slashes: null,
83 verbose parsed url   auth: null,
83 verbose parsed url   host: null,
83 verbose parsed url   port: null,
83 verbose parsed url   hostname: null,
83 verbose parsed url   hash: null,
83 verbose parsed url   search: null,
83 verbose parsed url   query: null,
83 verbose parsed url   pathname: 'gaze@~0.5.1',
83 verbose parsed url   path: 'gaze@~0.5.1',
83 verbose parsed url   href: 'gaze@~0.5.1' }
84 verbose cache add [ 'tiny-lr-fork@0.0.5', null ]
85 verbose cache add name=undefined spec="tiny-lr-fork@0.0.5" args=["tiny-lr-fork@0.0.5",null]
86 verbose parsed url { protocol: null,
86 verbose parsed url   slashes: null,
86 verbose parsed url   auth: null,
86 verbose parsed url   host: null,
86 verbose parsed url   port: null,
86 verbose parsed url   hostname: null,
86 verbose parsed url   hash: null,
86 verbose parsed url   search: null,
86 verbose parsed url   query: null,
86 verbose parsed url   pathname: 'tiny-lr-fork@0.0.5',
86 verbose parsed url   path: 'tiny-lr-fork@0.0.5',
86 verbose parsed url   href: 'tiny-lr-fork@0.0.5' }
87 verbose cache add name="gaze" spec="~0.5.1" args=["gaze","~0.5.1"]
88 verbose parsed url { protocol: null,
88 verbose parsed url   slashes: null,
88 verbose parsed url   auth: null,
88 verbose parsed url   host: null,
88 verbose parsed url   port: null,
88 verbose parsed url   hostname: null,
88 verbose parsed url   hash: null,
88 verbose parsed url   search: null,
88 verbose parsed url   query: null,
88 verbose parsed url   pathname: '~0.5.1',
88 verbose parsed url   path: '~0.5.1',
88 verbose parsed url   href: '~0.5.1' }
89 verbose addNamed [ 'gaze', '~0.5.1' ]
90 verbose addNamed [ null, '>=0.5.1-0 <0.6.0-0' ]
91 silly lockFile b222c948-gaze-0-5-1 gaze@~0.5.1
92 verbose lock gaze@~0.5.1 /home/vinitlee/.npm/b222c948-gaze-0-5-1.lock
93 verbose cache add [ 'lodash@~2.4.1', null ]
94 verbose cache add name=undefined spec="lodash@~2.4.1" args=["lodash@~2.4.1",null]
95 verbose parsed url { protocol: null,
95 verbose parsed url   slashes: null,
95 verbose parsed url   auth: null,
95 verbose parsed url   host: null,
95 verbose parsed url   port: null,
95 verbose parsed url   hostname: null,
95 verbose parsed url   hash: null,
95 verbose parsed url   search: null,
95 verbose parsed url   query: null,
95 verbose parsed url   pathname: 'lodash@~2.4.1',
95 verbose parsed url   path: 'lodash@~2.4.1',
95 verbose parsed url   href: 'lodash@~2.4.1' }
96 verbose cache add name="tiny-lr-fork" spec="0.0.5" args=["tiny-lr-fork","0.0.5"]
97 verbose parsed url { protocol: null,
97 verbose parsed url   slashes: null,
97 verbose parsed url   auth: null,
97 verbose parsed url   host: null,
97 verbose parsed url   port: null,
97 verbose parsed url   hostname: null,
97 verbose parsed url   hash: null,
97 verbose parsed url   search: null,
97 verbose parsed url   query: null,
97 verbose parsed url   pathname: '0.0.5',
97 verbose parsed url   path: '0.0.5',
97 verbose parsed url   href: '0.0.5' }
98 verbose addNamed [ 'tiny-lr-fork', '0.0.5' ]
99 verbose addNamed [ '0.0.5', '0.0.5' ]
100 silly lockFile 2a35e3da-tiny-lr-fork-0-0-5 tiny-lr-fork@0.0.5
101 verbose lock tiny-lr-fork@0.0.5 /home/vinitlee/.npm/2a35e3da-tiny-lr-fork-0-0-5.lock
102 verbose cache add name="lodash" spec="~2.4.1" args=["lodash","~2.4.1"]
103 verbose parsed url { protocol: null,
103 verbose parsed url   slashes: null,
103 verbose parsed url   auth: null,
103 verbose parsed url   host: null,
103 verbose parsed url   port: null,
103 verbose parsed url   hostname: null,
103 verbose parsed url   hash: null,
103 verbose parsed url   search: null,
103 verbose parsed url   query: null,
103 verbose parsed url   pathname: '~2.4.1',
103 verbose parsed url   path: '~2.4.1',
103 verbose parsed url   href: '~2.4.1' }
104 verbose addNamed [ 'lodash', '~2.4.1' ]
105 verbose addNamed [ null, '>=2.4.1-0 <2.5.0-0' ]
106 silly lockFile 257f9ab3-lodash-2-4-1 lodash@~2.4.1
107 verbose lock lodash@~2.4.1 /home/vinitlee/.npm/257f9ab3-lodash-2-4-1.lock
108 silly addNameRange { name: 'gaze', range: '>=0.5.1-0 <0.6.0-0', hasData: false }
109 verbose cache add [ 'async@~0.2.9', null ]
110 verbose cache add name=undefined spec="async@~0.2.9" args=["async@~0.2.9",null]
111 verbose parsed url { protocol: null,
111 verbose parsed url   slashes: null,
111 verbose parsed url   auth: null,
111 verbose parsed url   host: null,
111 verbose parsed url   port: null,
111 verbose parsed url   hostname: null,
111 verbose parsed url   hash: null,
111 verbose parsed url   search: null,
111 verbose parsed url   query: null,
111 verbose parsed url   pathname: 'async@~0.2.9',
111 verbose parsed url   path: 'async@~0.2.9',
111 verbose parsed url   href: 'async@~0.2.9' }
112 verbose request where is /gaze
113 verbose request registry https://registry.npmjs.org/
114 verbose url raw /gaze
115 verbose url resolving [ 'https://registry.npmjs.org/', './gaze' ]
116 verbose url resolved https://registry.npmjs.org/gaze
117 verbose request where is https://registry.npmjs.org/gaze
118 info trying registry request attempt 1 at 15:56:09
119 http GET https://registry.npmjs.org/gaze
120 silly addNameRange { name: 'lodash', range: '>=2.4.1-0 <2.5.0-0', hasData: false }
121 verbose cache add name="async" spec="~0.2.9" args=["async","~0.2.9"]
122 verbose parsed url { protocol: null,
122 verbose parsed url   slashes: null,
122 verbose parsed url   auth: null,
122 verbose parsed url   host: null,
122 verbose parsed url   port: null,
122 verbose parsed url   hostname: null,
122 verbose parsed url   hash: null,
122 verbose parsed url   search: null,
122 verbose parsed url   query: null,
122 verbose parsed url   pathname: '~0.2.9',
122 verbose parsed url   path: '~0.2.9',
122 verbose parsed url   href: '~0.2.9' }
123 verbose addNamed [ 'async', '~0.2.9' ]
124 verbose addNamed [ null, '>=0.2.9-0 <0.3.0-0' ]
125 silly lockFile 5d51c871-async-0-2-9 async@~0.2.9
126 verbose lock async@~0.2.9 /home/vinitlee/.npm/5d51c871-async-0-2-9.lock
127 verbose request where is /tiny-lr-fork
128 verbose request registry https://registry.npmjs.org/
129 verbose url raw /tiny-lr-fork
130 verbose url resolving [ 'https://registry.npmjs.org/', './tiny-lr-fork' ]
131 verbose url resolved https://registry.npmjs.org/tiny-lr-fork
132 verbose request where is https://registry.npmjs.org/tiny-lr-fork
133 info trying registry request attempt 1 at 15:56:09
134 http GET https://registry.npmjs.org/tiny-lr-fork
135 silly addNameRange { name: 'async', range: '>=0.2.9-0 <0.3.0-0', hasData: false }
136 verbose request where is /lodash
137 verbose request registry https://registry.npmjs.org/
138 verbose url raw /lodash
139 verbose url resolving [ 'https://registry.npmjs.org/', './lodash' ]
140 verbose url resolved https://registry.npmjs.org/lodash
141 verbose request where is https://registry.npmjs.org/lodash
142 info trying registry request attempt 1 at 15:56:09
143 verbose etag "1BVAO09YAOMHIQUJF6ZGBIYTB"
144 http GET https://registry.npmjs.org/lodash
145 verbose request where is /async
146 verbose request registry https://registry.npmjs.org/
147 verbose url raw /async
148 verbose url resolving [ 'https://registry.npmjs.org/', './async' ]
149 verbose url resolved https://registry.npmjs.org/async
150 verbose request where is https://registry.npmjs.org/async
151 info trying registry request attempt 1 at 15:56:09
152 verbose etag "DR1FGEG5A78IGR39XJM65WWVO"
153 http GET https://registry.npmjs.org/async
154 http 304 https://registry.npmjs.org/lodash
155 silly registry.get cb [ 304,
155 silly registry.get   { date: 'Thu, 24 Sep 2015 22:56:09 GMT',
155 silly registry.get     via: '1.1 varnish',
155 silly registry.get     'cache-control': 'max-age=60',
155 silly registry.get     etag: '"1BVAO09YAOMHIQUJF6ZGBIYTB"',
155 silly registry.get     age: '58',
155 silly registry.get     connection: 'keep-alive',
155 silly registry.get     'x-served-by': 'cache-sjc3122-SJC',
155 silly registry.get     'x-cache': 'HIT',
155 silly registry.get     'x-cache-hits': '11',
155 silly registry.get     'x-timer': 'S1443135369.996975,VS0,VE0',
155 silly registry.get     vary: 'Accept' } ]
156 verbose etag https://registry.npmjs.org/lodash from cache
157 silly addNameRange number 2 { name: 'lodash', range: '>=2.4.1-0 <2.5.0-0', hasData: true }
158 silly addNameRange versions [ 'lodash',
158 silly addNameRange   [ '0.1.0',
158 silly addNameRange     '0.2.0',
158 silly addNameRange     '0.2.1',
158 silly addNameRange     '0.2.2',
158 silly addNameRange     '0.3.0',
158 silly addNameRange     '0.3.1',
158 silly addNameRange     '0.3.2',
158 silly addNameRange     '0.4.0',
158 silly addNameRange     '0.4.1',
158 silly addNameRange     '0.4.2',
158 silly addNameRange     '0.5.0-rc.1',
158 silly addNameRange     '0.5.0',
158 silly addNameRange     '0.5.1',
158 silly addNameRange     '0.5.2',
158 silly addNameRange     '0.6.0',
158 silly addNameRange     '0.6.1',
158 silly addNameRange     '0.7.0',
158 silly addNameRange     '0.8.0',
158 silly addNameRange     '0.8.1',
158 silly addNameRange     '0.8.2',
158 silly addNameRange     '0.9.0',
158 silly addNameRange     '0.9.1',
158 silly addNameRange     '0.9.2',
158 silly addNameRange     '0.10.0',
158 silly addNameRange     '1.0.0-rc.1',
158 silly addNameRange     '1.0.0-rc.2',
158 silly addNameRange     '1.0.0-rc.3',
158 silly addNameRange     '1.0.0',
158 silly addNameRange     '1.0.1',
158 silly addNameRange     '1.1.0',
158 silly addNameRange     '1.1.1',
158 silly addNameRange     '1.2.0',
158 silly addNameRange     '1.2.1',
158 silly addNameRange     '1.3.0',
158 silly addNameRange     '1.3.1',
158 silly addNameRange     '2.0.0',
158 silly addNameRange     '2.1.0',
158 silly addNameRange     '2.2.0',
158 silly addNameRange     '2.2.1',
158 silly addNameRange     '2.3.0',
158 silly addNameRange     '2.4.0',
158 silly addNameRange     '2.4.1',
158 silly addNameRange     '3.0.0',
158 silly addNameRange     '3.0.1',
158 silly addNameRange     '3.1.0',
158 silly addNameRange     '3.2.0',
158 silly addNameRange     '3.3.0',
158 silly addNameRange     '3.3.1',
158 silly addNameRange     '3.4.0',
158 silly addNameRange     '3.5.0',
158 silly addNameRange     '3.6.0',
158 silly addNameRange     '1.0.2',
158 silly addNameRange     '3.7.0',
158 silly addNameRange     '2.4.2',
158 silly addNameRange     '3.8.0',
158 silly addNameRange     '3.9.0',
158 silly addNameRange     '3.9.1',
158 silly addNameRange     '3.9.2',
158 silly addNameRange     '3.9.3',
158 silly addNameRange     '3.10.0',
158 silly addNameRange     '3.10.1' ] ]
159 verbose addNamed [ 'lodash', '2.4.2' ]
160 verbose addNamed [ '2.4.2', '2.4.2' ]
161 silly lockFile c9ffd2e6-lodash-2-4-2 lodash@2.4.2
162 verbose lock lodash@2.4.2 /home/vinitlee/.npm/c9ffd2e6-lodash-2-4-2.lock
163 silly lockFile c9ffd2e6-lodash-2-4-2 lodash@2.4.2
164 silly lockFile c9ffd2e6-lodash-2-4-2 lodash@2.4.2
165 silly lockFile 257f9ab3-lodash-2-4-1 lodash@~2.4.1
166 silly lockFile 257f9ab3-lodash-2-4-1 lodash@~2.4.1
167 http 200 https://registry.npmjs.org/tiny-lr-fork
168 silly registry.get cb [ 200,
168 silly registry.get   { server: 'CouchDB/1.5.0 (Erlang OTP/R16B03)',
168 silly registry.get     etag: '"9ATLEQSLOKA6WCFFKVWB9Y5GI"',
168 silly registry.get     'content-type': 'application/json',
168 silly registry.get     'cache-control': 'max-age=60',
168 silly registry.get     'content-length': '12403',
168 silly registry.get     'accept-ranges': 'bytes',
168 silly registry.get     date: 'Thu, 24 Sep 2015 22:56:10 GMT',
168 silly registry.get     via: '1.1 varnish',
168 silly registry.get     age: '37',
168 silly registry.get     connection: 'keep-alive',
168 silly registry.get     'x-served-by': 'cache-lax1424-LAX',
168 silly registry.get     'x-cache': 'HIT',
168 silly registry.get     'x-cache-hits': '2',
168 silly registry.get     'x-timer': 'S1443135370.024843,VS0,VE0',
168 silly registry.get     vary: 'Accept' } ]
169 http 304 https://registry.npmjs.org/async
170 silly registry.get cb [ 304,
170 silly registry.get   { date: 'Thu, 24 Sep 2015 22:56:10 GMT',
170 silly registry.get     via: '1.1 varnish',
170 silly registry.get     'cache-control': 'max-age=60',
170 silly registry.get     etag: '"DR1FGEG5A78IGR39XJM65WWVO"',
170 silly registry.get     age: '54',
170 silly registry.get     connection: 'keep-alive',
170 silly registry.get     'x-served-by': 'cache-sjc3129-SJC',
170 silly registry.get     'x-cache': 'HIT',
170 silly registry.get     'x-cache-hits': '9',
170 silly registry.get     'x-timer': 'S1443135370.034607,VS0,VE0',
170 silly registry.get     vary: 'Accept' } ]
171 verbose etag https://registry.npmjs.org/async from cache
172 silly addNameRange number 2 { name: 'async', range: '>=0.2.9-0 <0.3.0-0', hasData: true }
173 silly addNameRange versions [ 'async',
173 silly addNameRange   [ '0.1.0',
173 silly addNameRange     '0.1.1',
173 silly addNameRange     '0.1.2',
173 silly addNameRange     '0.1.3',
173 silly addNameRange     '0.1.4',
173 silly addNameRange     '0.1.5',
173 silly addNameRange     '0.1.6',
173 silly addNameRange     '0.1.7',
173 silly addNameRange     '0.1.8',
173 silly addNameRange     '0.1.9',
173 silly addNameRange     '0.1.10',
173 silly addNameRange     '0.1.11',
173 silly addNameRange     '0.1.12',
173 silly addNameRange     '0.1.13',
173 silly addNameRange     '0.1.14',
173 silly addNameRange     '0.1.15',
173 silly addNameRange     '0.1.16',
173 silly addNameRange     '0.1.17',
173 silly addNameRange     '0.1.18',
173 silly addNameRange     '0.1.19',
173 silly addNameRange     '0.1.20',
173 silly addNameRange     '0.1.21',
173 silly addNameRange     '0.1.22',
173 silly addNameRange     '0.2.0',
173 silly addNameRange     '0.2.1',
173 silly addNameRange     '0.2.2',
173 silly addNameRange     '0.2.3',
173 silly addNameRange     '0.2.4',
173 silly addNameRange     '0.2.5',
173 silly addNameRange     '0.2.6',
173 silly addNameRange     '0.2.7',
173 silly addNameRange     '0.2.8',
173 silly addNameRange     '0.2.9',
173 silly addNameRange     '0.2.10',
173 silly addNameRange     '0.3.0',
173 silly addNameRange     '0.4.0',
173 silly addNameRange     '0.4.1',
173 silly addNameRange     '0.5.0',
173 silly addNameRange     '0.6.0',
173 silly addNameRange     '0.6.1',
173 silly addNameRange     '0.6.2',
173 silly addNameRange     '0.7.0',
173 silly addNameRange     '0.8.0',
173 silly addNameRange     '0.9.0',
173 silly addNameRange     '0.9.2',
173 silly addNameRange     '1.0.0',
173 silly addNameRange     '1.1.0',
173 silly addNameRange     '1.2.0',
173 silly addNameRange     '1.1.1',
173 silly addNameRange     '1.2.1',
173 silly addNameRange     '1.3.0',
173 silly addNameRange     '1.4.0',
173 silly addNameRange     '1.4.1',
173 silly addNameRange     '1.4.2' ] ]
174 verbose addNamed [ 'async', '0.2.10' ]
175 verbose addNamed [ '0.2.10', '0.2.10' ]
176 silly lockFile 098b530d-async-0-2-10 async@0.2.10
177 verbose lock async@0.2.10 /home/vinitlee/.npm/098b530d-async-0-2-10.lock
178 silly lockFile 322806a6-y-lr-fork-tiny-lr-fork-0-0-5-tgz https://registry.npmjs.org/tiny-lr-fork/-/tiny-lr-fork-0.0.5.tgz
179 verbose lock https://registry.npmjs.org/tiny-lr-fork/-/tiny-lr-fork-0.0.5.tgz /home/vinitlee/.npm/322806a6-y-lr-fork-tiny-lr-fork-0-0-5-tgz.lock
180 verbose addRemoteTarball [ 'https://registry.npmjs.org/tiny-lr-fork/-/tiny-lr-fork-0.0.5.tgz',
180 verbose addRemoteTarball   '1e99e1e2a8469b736ab97d97eefa98c71f76ed0a' ]
181 info retry fetch attempt 1 at 15:56:10
182 verbose fetch to= /tmp/npm-7383-xJrMyawu/registry.npmjs.org/tiny-lr-fork/-/tiny-lr-fork-0.0.5.tgz
183 http GET https://registry.npmjs.org/tiny-lr-fork/-/tiny-lr-fork-0.0.5.tgz
184 silly lockFile 098b530d-async-0-2-10 async@0.2.10
185 silly lockFile 098b530d-async-0-2-10 async@0.2.10
186 silly lockFile 5d51c871-async-0-2-9 async@~0.2.9
187 silly lockFile 5d51c871-async-0-2-9 async@~0.2.9
188 http 200 https://registry.npmjs.org/gaze
189 silly registry.get cb [ 200,
189 silly registry.get   { server: 'CouchDB/1.5.0 (Erlang OTP/R16B03)',
189 silly registry.get     etag: '"3MGP5I0JDANLBK4CHTHVKO4J1"',
189 silly registry.get     'content-type': 'application/json',
189 silly registry.get     'cache-control': 'max-age=60',
189 silly registry.get     'content-length': '49650',
189 silly registry.get     'accept-ranges': 'bytes',
189 silly registry.get     date: 'Thu, 24 Sep 2015 22:56:10 GMT',
189 silly registry.get     via: '1.1 varnish',
189 silly registry.get     age: '20',
189 silly registry.get     connection: 'keep-alive',
189 silly registry.get     'x-served-by': 'cache-sjc3134-SJC',
189 silly registry.get     'x-cache': 'HIT',
189 silly registry.get     'x-cache-hits': '1',
189 silly registry.get     'x-timer': 'S1443135370.005072,VS0,VE0',
189 silly registry.get     vary: 'Accept' } ]
190 silly addNameRange number 2 { name: 'gaze', range: '>=0.5.1-0 <0.6.0-0', hasData: true }
191 silly addNameRange versions [ 'gaze',
191 silly addNameRange   [ '0.1.0',
191 silly addNameRange     '0.1.1',
191 silly addNameRange     '0.1.2',
191 silly addNameRange     '0.1.3',
191 silly addNameRange     '0.1.4',
191 silly addNameRange     '0.1.5',
191 silly addNameRange     '0.1.6',
191 silly addNameRange     '0.2.0',
191 silly addNameRange     '0.2.1',
191 silly addNameRange     '0.2.2',
191 silly addNameRange     '0.3.0',
191 silly addNameRange     '0.3.1',
191 silly addNameRange     '0.3.2',
191 silly addNameRange     '0.3.3',
191 silly addNameRange     '0.3.4',
191 silly addNameRange     '0.4.0',
191 silly addNameRange     '0.4.1',
191 silly addNameRange     '0.4.2',
191 silly addNameRange     '0.4.3',
191 silly addNameRange     '0.5.0',
191 silly addNameRange     '0.5.1',
191 silly addNameRange     '0.6.0',
191 silly addNameRange     '0.6.1',
191 silly addNameRange     '0.6.2',
191 silly addNameRange     '0.6.3',
191 silly addNameRange     '0.6.4' ] ]
192 verbose addNamed [ 'gaze', '0.5.1' ]
193 verbose addNamed [ '0.5.1', '0.5.1' ]
194 silly lockFile 52152b2d-gaze-0-5-1 gaze@0.5.1
195 verbose lock gaze@0.5.1 /home/vinitlee/.npm/52152b2d-gaze-0-5-1.lock
196 silly lockFile 2773e901-ry-npmjs-org-gaze-gaze-0-5-1-tgz https://registry.npmjs.org/gaze/-/gaze-0.5.1.tgz
197 verbose lock https://registry.npmjs.org/gaze/-/gaze-0.5.1.tgz /home/vinitlee/.npm/2773e901-ry-npmjs-org-gaze-gaze-0-5-1-tgz.lock
198 verbose addRemoteTarball [ 'https://registry.npmjs.org/gaze/-/gaze-0.5.1.tgz',
198 verbose addRemoteTarball   '22e731078ef3e49d1c4ab1115ac091192051824c' ]
199 info retry fetch attempt 1 at 15:56:10
200 verbose fetch to= /tmp/npm-7383-xJrMyawu/registry.npmjs.org/gaze/-/gaze-0.5.1.tgz
201 http GET https://registry.npmjs.org/gaze/-/gaze-0.5.1.tgz
202 http 200 https://registry.npmjs.org/gaze/-/gaze-0.5.1.tgz
203 silly lockFile 2773e901-ry-npmjs-org-gaze-gaze-0-5-1-tgz https://registry.npmjs.org/gaze/-/gaze-0.5.1.tgz
204 silly lockFile 2773e901-ry-npmjs-org-gaze-gaze-0-5-1-tgz https://registry.npmjs.org/gaze/-/gaze-0.5.1.tgz
205 silly lockFile 52152b2d-gaze-0-5-1 gaze@0.5.1
206 silly lockFile 52152b2d-gaze-0-5-1 gaze@0.5.1
207 silly lockFile b222c948-gaze-0-5-1 gaze@~0.5.1
208 silly lockFile b222c948-gaze-0-5-1 gaze@~0.5.1
209 http 200 https://registry.npmjs.org/tiny-lr-fork/-/tiny-lr-fork-0.0.5.tgz
210 silly lockFile 322806a6-y-lr-fork-tiny-lr-fork-0-0-5-tgz https://registry.npmjs.org/tiny-lr-fork/-/tiny-lr-fork-0.0.5.tgz
211 silly lockFile 322806a6-y-lr-fork-tiny-lr-fork-0-0-5-tgz https://registry.npmjs.org/tiny-lr-fork/-/tiny-lr-fork-0.0.5.tgz
212 silly lockFile 2a35e3da-tiny-lr-fork-0-0-5 tiny-lr-fork@0.0.5
213 silly lockFile 2a35e3da-tiny-lr-fork-0-0-5 tiny-lr-fork@0.0.5
214 silly resolved [ { name: 'lodash',
214 silly resolved     version: '2.4.2',
214 silly resolved     description: 'A utility library delivering consistency, customization, performance, & extras.',
214 silly resolved     homepage: 'http://lodash.com/',
214 silly resolved     license: 'MIT',
214 silly resolved     main: 'dist/lodash.js',
214 silly resolved     keywords:
214 silly resolved      [ 'amd',
214 silly resolved        'browser',
214 silly resolved        'client',
214 silly resolved        'customize',
214 silly resolved        'functional',
214 silly resolved        'server',
214 silly resolved        'util' ],
214 silly resolved     author:
214 silly resolved      { name: 'John-David Dalton',
214 silly resolved        email: 'john.david.dalton@gmail.com',
214 silly resolved        url: 'http://allyoucanleet.com/' },
214 silly resolved     contributors: [ [Object], [Object], [Object], [Object] ],
214 silly resolved     bugs: { url: 'https://github.com/lodash/lodash/issues' },
214 silly resolved     repository: { type: 'git', url: 'https://github.com/lodash/lodash.git' },
214 silly resolved     engines: [ 'node', 'rhino' ],
214 silly resolved     files:
214 silly resolved      [ 'LICENSE.txt',
214 silly resolved        'lodash.js',
214 silly resolved        'dist/lodash.js',
214 silly resolved        'dist/lodash.min.js',
214 silly resolved        'dist/lodash.compat.js',
214 silly resolved        'dist/lodash.compat.min.js',
214 silly resolved        'dist/lodash.underscore.js',
214 silly resolved        'dist/lodash.underscore.min.js' ],
214 silly resolved     jam: { main: 'dist/lodash.compat.js', include: [Object] },
214 silly resolved     volo: { type: 'directory', ignore: [Object] },
214 silly resolved     _id: 'lodash@2.4.2',
214 silly resolved     scripts: {},
214 silly resolved     _shasum: 'fadd834b9683073da179b3eae6d9c0d15053f73e',
214 silly resolved     _from: 'lodash@~2.4.1',
214 silly resolved     _npmVersion: '2.7.5',
214 silly resolved     _nodeVersion: '0.12.2',
214 silly resolved     _npmUser: { name: 'jdalton', email: 'john.david.dalton@gmail.com' },
214 silly resolved     maintainers: [ [Object], [Object], [Object], [Object], [Object] ],
214 silly resolved     dist:
214 silly resolved      { shasum: 'fadd834b9683073da179b3eae6d9c0d15053f73e',
214 silly resolved        tarball: 'http://registry.npmjs.org/lodash/-/lodash-2.4.2.tgz' },
214 silly resolved     directories: {},
214 silly resolved     _resolved: 'https://registry.npmjs.org/lodash/-/lodash-2.4.2.tgz',
214 silly resolved     readme: 'ERROR: No README data found!' },
214 silly resolved   { name: 'async',
214 silly resolved     description: 'Higher-order functions and common patterns for asynchronous code',
214 silly resolved     main: './lib/async',
214 silly resolved     author: { name: 'Caolan McMahon' },
214 silly resolved     version: '0.2.10',
214 silly resolved     repository: { type: 'git', url: 'https://github.com/caolan/async.git' },
214 silly resolved     bugs: { url: 'https://github.com/caolan/async/issues' },
214 silly resolved     licenses: [ [Object] ],
214 silly resolved     devDependencies: { nodeunit: '>0.0.0', 'uglify-js': '1.2.x', nodelint: '>0.0.0' },
214 silly resolved     jam: { main: 'lib/async.js', include: [Object] },
214 silly resolved     scripts: { test: 'nodeunit test/test-async.js' },
214 silly resolved     _id: 'async@0.2.10',
214 silly resolved     dist:
214 silly resolved      { shasum: 'b6bbe0b0674b9d719708ca38de8c237cb526c3d1',
214 silly resolved        tarball: 'http://registry.npmjs.org/async/-/async-0.2.10.tgz' },
214 silly resolved     _from: 'async@~0.2.9',
214 silly resolved     _npmVersion: '1.3.2',
214 silly resolved     _npmUser: { name: 'caolan', email: 'caolan.mcmahon@gmail.com' },
214 silly resolved     maintainers: [ [Object] ],
214 silly resolved     directories: {},
214 silly resolved     _shasum: 'b6bbe0b0674b9d719708ca38de8c237cb526c3d1',
214 silly resolved     _resolved: 'https://registry.npmjs.org/async/-/async-0.2.10.tgz',
214 silly resolved     readme: 'ERROR: No README data found!' },
214 silly resolved   { name: 'gaze',
214 silly resolved     description: 'A globbing fs.watch wrapper built from the best parts of other fine watch libs.',
214 silly resolved     version: '0.5.1',
214 silly resolved     homepage: 'https://github.com/shama/gaze',
214 silly resolved     author: { name: 'Kyle Robinson Young', email: 'kyle@dontkry.com' },
214 silly resolved     repository: { type: 'git', url: 'git://github.com/shama/gaze.git' },
214 silly resolved     bugs: { url: 'https://github.com/shama/gaze/issues' },
214 silly resolved     licenses: [ [Object] ],
214 silly resolved     main: 'lib/gaze',
214 silly resolved     engines: { node: '>= 0.8.0' },
214 silly resolved     scripts: { test: 'grunt nodeunit -v' },
214 silly resolved     dependencies: { globule: '~0.1.0' },
214 silly resolved     devDependencies:
214 silly resolved      { grunt: '~0.4.1',
214 silly resolved        'grunt-contrib-nodeunit': '~0.2.0',
214 silly resolved        'grunt-contrib-jshint': '~0.6.0',
214 silly resolved        'grunt-benchmark': '~0.2.0',
214 silly resolved        'grunt-cli': '~0.1.13',
214 silly resolved        async: '~0.2.10',
214 silly resolved        rimraf: '~2.2.6' },
214 silly resolved     keywords: [ 'watch', 'glob' ],
214 silly resolved     files: [ 'lib', 'LICENSE-MIT' ],
214 silly resolved     _id: 'gaze@0.5.1',
214 silly resolved     dist:
214 silly resolved      { shasum: '22e731078ef3e49d1c4ab1115ac091192051824c',
214 silly resolved        tarball: 'http://registry.npmjs.org/gaze/-/gaze-0.5.1.tgz' },
214 silly resolved     _from: 'gaze@~0.5.1',
214 silly resolved     _npmVersion: '1.2.30',
214 silly resolved     _npmUser: { name: 'shama', email: 'kyle@dontkry.com' },
214 silly resolved     maintainers: [ [Object] ],
214 silly resolved     directories: {},
214 silly resolved     _shasum: '22e731078ef3e49d1c4ab1115ac091192051824c',
214 silly resolved     _resolved: 'https://registry.npmjs.org/gaze/-/gaze-0.5.1.tgz' },
214 silly resolved   { author: { name: 'mklabs' },
214 silly resolved     name: 'tiny-lr-fork',
214 silly resolved     description: 'Tiny LiveReload server, background-friendly',
214 silly resolved     version: '0.0.5',
214 silly resolved     homepage: 'https://github.com/mklabs/tiny-lr',
214 silly resolved     repository: { url: 'git://github.com/mklabs/tiny-lr.git' },
214 silly resolved     bin: { 'tiny-lr-fork': './bin/tiny-lr' },
214 silly resolved     main: './lib',
214 silly resolved     scripts:
214 silly resolved      { 'prepublish:': 'npm test',
214 silly resolved        test: 'mocha --reporter list',
214 silly resolved        'test-debug': 'DEBUG=tinylr:* mocha --reporter list',
214 silly resolved        'test-debug-all': 'DEBUG=* mocha --reporter list' },
214 silly resolved     dependencies:
214 silly resolved      { qs: '~0.5.2',
214 silly resolved        'faye-websocket': '~0.4.3',
214 silly resolved        noptify: '~0.0.3',
214 silly resolved        debug: '~0.7.0' },
214 silly resolved     devDependencies:
214 silly resolved      { mocha: '~1.7.1',
214 silly resolved        request: '~2.12.0',
214 silly resolved        supertest: '~0.4.2',
214 silly resolved        express: '~3.0.6',
214 silly resolved        connect: '~2.7.2' },
214 silly resolved     config: { test_port: '9001' },
214 silly resolved     licenses: [ [Object] ],
214 silly resolved     bugs: { url: 'https://github.com/mklabs/tiny-lr/issues' },
214 silly resolved     _id: 'tiny-lr-fork@0.0.5',
214 silly resolved     dist:
214 silly resolved      { shasum: '1e99e1e2a8469b736ab97d97eefa98c71f76ed0a',
214 silly resolved        tarball: 'http://registry.npmjs.org/tiny-lr-fork/-/tiny-lr-fork-0.0.5.tgz' },
214 silly resolved     _from: 'tiny-lr-fork@0.0.5',
214 silly resolved     _npmVersion: '1.4.3',
214 silly resolved     _npmUser: { name: 'shama', email: 'kyle@dontkry.com' },
214 silly resolved     maintainers: [ [Object] ],
214 silly resolved     directories: {},
214 silly resolved     _shasum: '1e99e1e2a8469b736ab97d97eefa98c71f76ed0a',
214 silly resolved     _resolved: 'https://registry.npmjs.org/tiny-lr-fork/-/tiny-lr-fork-0.0.5.tgz' } ]
215 info install lodash@2.4.2 into /media/vinitlee/Feelers/Documents/Code/pincushion/node_modules/grunt-contrib-watch
216 info install async@0.2.10 into /media/vinitlee/Feelers/Documents/Code/pincushion/node_modules/grunt-contrib-watch
217 info install gaze@0.5.1 into /media/vinitlee/Feelers/Documents/Code/pincushion/node_modules/grunt-contrib-watch
218 info install tiny-lr-fork@0.0.5 into /media/vinitlee/Feelers/Documents/Code/pincushion/node_modules/grunt-contrib-watch
219 info installOne lodash@2.4.2
220 info installOne async@0.2.10
221 info installOne gaze@0.5.1
222 info installOne tiny-lr-fork@0.0.5
223 verbose node_modules/grunt-contrib-watch/node_modules/lodash unbuild
224 verbose node_modules/grunt-contrib-watch/node_modules/async unbuild
225 verbose tar unpack /home/vinitlee/.npm/lodash/2.4.2/package.tgz
226 silly lockFile ea4e120f-ontrib-watch-node-modules-lodash tar:///media/vinitlee/Feelers/Documents/Code/pincushion/node_modules/grunt-contrib-watch/node_modules/lodash
227 verbose lock tar:///media/vinitlee/Feelers/Documents/Code/pincushion/node_modules/grunt-contrib-watch/node_modules/lodash /home/vinitlee/.npm/ea4e120f-ontrib-watch-node-modules-lodash.lock
228 silly lockFile 578da3a4-lee-npm-lodash-2-4-2-package-tgz tar:///home/vinitlee/.npm/lodash/2.4.2/package.tgz
229 verbose lock tar:///home/vinitlee/.npm/lodash/2.4.2/package.tgz /home/vinitlee/.npm/578da3a4-lee-npm-lodash-2-4-2-package-tgz.lock
230 verbose tar unpack /home/vinitlee/.npm/async/0.2.10/package.tgz
231 silly lockFile c2a50090-contrib-watch-node-modules-async tar:///media/vinitlee/Feelers/Documents/Code/pincushion/node_modules/grunt-contrib-watch/node_modules/async
232 verbose lock tar:///media/vinitlee/Feelers/Documents/Code/pincushion/node_modules/grunt-contrib-watch/node_modules/async /home/vinitlee/.npm/c2a50090-contrib-watch-node-modules-async.lock
233 silly lockFile 8faa08a0-lee-npm-async-0-2-10-package-tgz tar:///home/vinitlee/.npm/async/0.2.10/package.tgz
234 verbose lock tar:///home/vinitlee/.npm/async/0.2.10/package.tgz /home/vinitlee/.npm/8faa08a0-lee-npm-async-0-2-10-package-tgz.lock
235 verbose node_modules/grunt-contrib-watch/node_modules/gaze unbuild
236 verbose node_modules/grunt-contrib-watch/node_modules/tiny-lr-fork unbuild
237 silly gunzTarPerm modes [ '775', '664' ]
238 silly gunzTarPerm modes [ '775', '664' ]
239 verbose tar unpack /home/vinitlee/.npm/gaze/0.5.1/package.tgz
240 silly lockFile 8f1c47bb--contrib-watch-node-modules-gaze tar:///media/vinitlee/Feelers/Documents/Code/pincushion/node_modules/grunt-contrib-watch/node_modules/gaze
241 verbose lock tar:///media/vinitlee/Feelers/Documents/Code/pincushion/node_modules/grunt-contrib-watch/node_modules/gaze /home/vinitlee/.npm/8f1c47bb--contrib-watch-node-modules-gaze.lock
242 silly lockFile bfbe1abc-itlee-npm-gaze-0-5-1-package-tgz tar:///home/vinitlee/.npm/gaze/0.5.1/package.tgz
243 verbose lock tar:///home/vinitlee/.npm/gaze/0.5.1/package.tgz /home/vinitlee/.npm/bfbe1abc-itlee-npm-gaze-0-5-1-package-tgz.lock
244 verbose tar unpack /home/vinitlee/.npm/tiny-lr-fork/0.0.5/package.tgz
245 silly lockFile 8a630478--watch-node-modules-tiny-lr-fork tar:///media/vinitlee/Feelers/Documents/Code/pincushion/node_modules/grunt-contrib-watch/node_modules/tiny-lr-fork
246 verbose lock tar:///media/vinitlee/Feelers/Documents/Code/pincushion/node_modules/grunt-contrib-watch/node_modules/tiny-lr-fork /home/vinitlee/.npm/8a630478--watch-node-modules-tiny-lr-fork.lock
247 silly lockFile a8645296-m-tiny-lr-fork-0-0-5-package-tgz tar:///home/vinitlee/.npm/tiny-lr-fork/0.0.5/package.tgz
248 verbose lock tar:///home/vinitlee/.npm/tiny-lr-fork/0.0.5/package.tgz /home/vinitlee/.npm/a8645296-m-tiny-lr-fork-0-0-5-package-tgz.lock
249 silly gunzTarPerm modes [ '775', '664' ]
250 silly gunzTarPerm modes [ '775', '664' ]
251 silly gunzTarPerm extractEntry package.json
252 silly gunzTarPerm modified mode [ 'package.json', 420, 436 ]
253 silly gunzTarPerm extractEntry package.json
254 silly gunzTarPerm modified mode [ 'package.json', 420, 436 ]
255 silly gunzTarPerm extractEntry README.md
256 silly gunzTarPerm modified mode [ 'README.md', 420, 436 ]
257 silly gunzTarPerm extractEntry lodash.js
258 silly gunzTarPerm modified mode [ 'lodash.js', 420, 436 ]
259 silly gunzTarPerm extractEntry package.json
260 silly gunzTarPerm modified mode [ 'package.json', 420, 436 ]
261 silly gunzTarPerm extractEntry package.json
262 silly gunzTarPerm modified mode [ 'package.json', 420, 436 ]
263 silly gunzTarPerm extractEntry README.md
264 silly gunzTarPerm modified mode [ 'README.md', 420, 436 ]
265 silly gunzTarPerm extractEntry LICENSE
266 silly gunzTarPerm modified mode [ 'LICENSE', 420, 436 ]
267 silly gunzTarPerm extractEntry component.json
268 silly gunzTarPerm modified mode [ 'component.json', 420, 436 ]
269 silly gunzTarPerm extractEntry lib/async.js
270 silly gunzTarPerm modified mode [ 'lib/async.js', 493, 509 ]
271 silly gunzTarPerm extractEntry .npmignore
272 silly gunzTarPerm modified mode [ '.npmignore', 420, 436 ]
273 silly gunzTarPerm extractEntry .travis.yml
274 silly gunzTarPerm modified mode [ '.travis.yml', 420, 436 ]
275 silly gunzTarPerm extractEntry README.md
276 silly gunzTarPerm modified mode [ 'README.md', 420, 436 ]
277 silly gunzTarPerm extractEntry lib/gaze.js
278 silly gunzTarPerm modified mode [ 'lib/gaze.js', 420, 436 ]
279 silly gunzTarPerm extractEntry LICENSE.txt
280 silly gunzTarPerm modified mode [ 'LICENSE.txt', 420, 436 ]
281 silly gunzTarPerm extractEntry LICENSE-MIT
282 silly gunzTarPerm modified mode [ 'LICENSE-MIT', 420, 436 ]
283 silly gunzTarPerm extractEntry bin/tiny-lr
284 silly gunzTarPerm modified mode [ 'bin/tiny-lr', 493, 509 ]
285 silly gunzTarPerm extractEntry lib/helper.js
286 silly gunzTarPerm modified mode [ 'lib/helper.js', 420, 436 ]
287 silly gunzTarPerm extractEntry bin/update-livereload
288 silly gunzTarPerm modified mode [ 'bin/update-livereload', 493, 509 ]
289 silly gunzTarPerm extractEntry lib/client.js
290 silly gunzTarPerm modified mode [ 'lib/client.js', 420, 436 ]
291 silly gunzTarPerm extractEntry dist/lodash.compat.js
292 silly gunzTarPerm modified mode [ 'dist/lodash.compat.js', 420, 436 ]
293 silly gunzTarPerm extractEntry LICENSE-MIT
294 silly gunzTarPerm modified mode [ 'LICENSE-MIT', 420, 436 ]
295 silly gunzTarPerm extractEntry lib/index.js
296 silly gunzTarPerm modified mode [ 'lib/index.js', 420, 436 ]
297 silly gunzTarPerm extractEntry lib/server.js
298 silly gunzTarPerm modified mode [ 'lib/server.js', 420, 436 ]
299 silly gunzTarPerm extractEntry dist/lodash.compat.min.js
300 silly gunzTarPerm modified mode [ 'dist/lodash.compat.min.js', 420, 436 ]
301 silly gunzTarPerm extractEntry lib/public/livereload.js
302 silly gunzTarPerm modified mode [ 'lib/public/livereload.js', 420, 436 ]
303 silly gunzTarPerm extractEntry readme.md
304 silly gunzTarPerm modified mode [ 'readme.md', 420, 436 ]
305 silly gunzTarPerm extractEntry tasks/tiny-lr.js
306 silly gunzTarPerm modified mode [ 'tasks/tiny-lr.js', 420, 436 ]
307 silly gunzTarPerm extractEntry tasks/tiny-lr.mk
308 silly gunzTarPerm modified mode [ 'tasks/tiny-lr.mk', 420, 436 ]
309 silly gunzTarPerm extractEntry test/client.js
310 silly gunzTarPerm modified mode [ 'test/client.js', 420, 436 ]
311 silly gunzTarPerm extractEntry test/middleware.js
312 silly gunzTarPerm modified mode [ 'test/middleware.js', 420, 436 ]
313 silly gunzTarPerm extractEntry test/server.js
314 silly gunzTarPerm modified mode [ 'test/server.js', 420, 436 ]
315 silly lockFile 8f1c47bb--contrib-watch-node-modules-gaze tar:///media/vinitlee/Feelers/Documents/Code/pincushion/node_modules/grunt-contrib-watch/node_modules/gaze
316 silly lockFile 8f1c47bb--contrib-watch-node-modules-gaze tar:///media/vinitlee/Feelers/Documents/Code/pincushion/node_modules/grunt-contrib-watch/node_modules/gaze
317 silly lockFile bfbe1abc-itlee-npm-gaze-0-5-1-package-tgz tar:///home/vinitlee/.npm/gaze/0.5.1/package.tgz
318 silly lockFile bfbe1abc-itlee-npm-gaze-0-5-1-package-tgz tar:///home/vinitlee/.npm/gaze/0.5.1/package.tgz
319 info preinstall gaze@0.5.1
320 verbose readDependencies using package.json deps
321 verbose readDependencies using package.json deps
322 verbose cache add [ 'globule@~0.1.0', null ]
323 verbose cache add name=undefined spec="globule@~0.1.0" args=["globule@~0.1.0",null]
324 verbose parsed url { protocol: null,
324 verbose parsed url   slashes: null,
324 verbose parsed url   auth: null,
324 verbose parsed url   host: null,
324 verbose parsed url   port: null,
324 verbose parsed url   hostname: null,
324 verbose parsed url   hash: null,
324 verbose parsed url   search: null,
324 verbose parsed url   query: null,
324 verbose parsed url   pathname: 'globule@~0.1.0',
324 verbose parsed url   path: 'globule@~0.1.0',
324 verbose parsed url   href: 'globule@~0.1.0' }
325 verbose cache add name="globule" spec="~0.1.0" args=["globule","~0.1.0"]
326 verbose parsed url { protocol: null,
326 verbose parsed url   slashes: null,
326 verbose parsed url   auth: null,
326 verbose parsed url   host: null,
326 verbose parsed url   port: null,
326 verbose parsed url   hostname: null,
326 verbose parsed url   hash: null,
326 verbose parsed url   search: null,
326 verbose parsed url   query: null,
326 verbose parsed url   pathname: '~0.1.0',
326 verbose parsed url   path: '~0.1.0',
326 verbose parsed url   href: '~0.1.0' }
327 verbose addNamed [ 'globule', '~0.1.0' ]
328 verbose addNamed [ null, '>=0.1.0-0 <0.2.0-0' ]
329 silly lockFile 95d0eb0c-globule-0-1-0 globule@~0.1.0
330 verbose lock globule@~0.1.0 /home/vinitlee/.npm/95d0eb0c-globule-0-1-0.lock
331 silly addNameRange { name: 'globule', range: '>=0.1.0-0 <0.2.0-0', hasData: false }
332 verbose request where is /globule
333 verbose request registry https://registry.npmjs.org/
334 verbose url raw /globule
335 verbose url resolving [ 'https://registry.npmjs.org/', './globule' ]
336 verbose url resolved https://registry.npmjs.org/globule
337 verbose request where is https://registry.npmjs.org/globule
338 info trying registry request attempt 1 at 15:56:10
339 http GET https://registry.npmjs.org/globule
340 silly lockFile c2a50090-contrib-watch-node-modules-async tar:///media/vinitlee/Feelers/Documents/Code/pincushion/node_modules/grunt-contrib-watch/node_modules/async
341 silly lockFile c2a50090-contrib-watch-node-modules-async tar:///media/vinitlee/Feelers/Documents/Code/pincushion/node_modules/grunt-contrib-watch/node_modules/async
342 silly lockFile 8faa08a0-lee-npm-async-0-2-10-package-tgz tar:///home/vinitlee/.npm/async/0.2.10/package.tgz
343 silly lockFile 8faa08a0-lee-npm-async-0-2-10-package-tgz tar:///home/vinitlee/.npm/async/0.2.10/package.tgz
344 info preinstall async@0.2.10
345 verbose readDependencies using package.json deps
346 verbose readDependencies using package.json deps
347 silly resolved []
348 verbose about to build /media/vinitlee/Feelers/Documents/Code/pincushion/node_modules/grunt-contrib-watch/node_modules/async
349 info build /media/vinitlee/Feelers/Documents/Code/pincushion/node_modules/grunt-contrib-watch/node_modules/async
350 verbose linkStuff [ false,
350 verbose linkStuff   false,
350 verbose linkStuff   false,
350 verbose linkStuff   '/media/vinitlee/Feelers/Documents/Code/pincushion/node_modules/grunt-contrib-watch/node_modules' ]
351 info linkStuff async@0.2.10
352 verbose linkBins async@0.2.10
353 verbose linkMans async@0.2.10
354 verbose rebuildBundles async@0.2.10
355 info install async@0.2.10
356 info postinstall async@0.2.10
357 silly lockFile 8a630478--watch-node-modules-tiny-lr-fork tar:///media/vinitlee/Feelers/Documents/Code/pincushion/node_modules/grunt-contrib-watch/node_modules/tiny-lr-fork
358 silly lockFile 8a630478--watch-node-modules-tiny-lr-fork tar:///media/vinitlee/Feelers/Documents/Code/pincushion/node_modules/grunt-contrib-watch/node_modules/tiny-lr-fork
359 silly lockFile a8645296-m-tiny-lr-fork-0-0-5-package-tgz tar:///home/vinitlee/.npm/tiny-lr-fork/0.0.5/package.tgz
360 silly lockFile a8645296-m-tiny-lr-fork-0-0-5-package-tgz tar:///home/vinitlee/.npm/tiny-lr-fork/0.0.5/package.tgz
361 info preinstall tiny-lr-fork@0.0.5
362 verbose readDependencies using package.json deps
363 verbose readDependencies using package.json deps
364 verbose cache add [ 'qs@~0.5.2', null ]
365 verbose cache add name=undefined spec="qs@~0.5.2" args=["qs@~0.5.2",null]
366 verbose parsed url { protocol: null,
366 verbose parsed url   slashes: null,
366 verbose parsed url   auth: null,
366 verbose parsed url   host: null,
366 verbose parsed url   port: null,
366 verbose parsed url   hostname: null,
366 verbose parsed url   hash: null,
366 verbose parsed url   search: null,
366 verbose parsed url   query: null,
366 verbose parsed url   pathname: 'qs@~0.5.2',
366 verbose parsed url   path: 'qs@~0.5.2',
366 verbose parsed url   href: 'qs@~0.5.2' }
367 verbose cache add [ 'faye-websocket@~0.4.3', null ]
368 verbose cache add name=undefined spec="faye-websocket@~0.4.3" args=["faye-websocket@~0.4.3",null]
369 verbose parsed url { protocol: null,
369 verbose parsed url   slashes: null,
369 verbose parsed url   auth: null,
369 verbose parsed url   host: null,
369 verbose parsed url   port: null,
369 verbose parsed url   hostname: null,
369 verbose parsed url   hash: null,
369 verbose parsed url   search: null,
369 verbose parsed url   query: null,
369 verbose parsed url   pathname: 'faye-websocket@~0.4.3',
369 verbose parsed url   path: 'faye-websocket@~0.4.3',
369 verbose parsed url   href: 'faye-websocket@~0.4.3' }
370 verbose cache add name="qs" spec="~0.5.2" args=["qs","~0.5.2"]
371 verbose parsed url { protocol: null,
371 verbose parsed url   slashes: null,
371 verbose parsed url   auth: null,
371 verbose parsed url   host: null,
371 verbose parsed url   port: null,
371 verbose parsed url   hostname: null,
371 verbose parsed url   hash: null,
371 verbose parsed url   search: null,
371 verbose parsed url   query: null,
371 verbose parsed url   pathname: '~0.5.2',
371 verbose parsed url   path: '~0.5.2',
371 verbose parsed url   href: '~0.5.2' }
372 verbose addNamed [ 'qs', '~0.5.2' ]
373 verbose addNamed [ null, '>=0.5.2-0 <0.6.0-0' ]
374 silly lockFile 60f93a07-qs-0-5-2 qs@~0.5.2
375 verbose lock qs@~0.5.2 /home/vinitlee/.npm/60f93a07-qs-0-5-2.lock
376 verbose cache add name="faye-websocket" spec="~0.4.3" args=["faye-websocket","~0.4.3"]
377 verbose parsed url { protocol: null,
377 verbose parsed url   slashes: null,
377 verbose parsed url   auth: null,
377 verbose parsed url   host: null,
377 verbose parsed url   port: null,
377 verbose parsed url   hostname: null,
377 verbose parsed url   hash: null,
377 verbose parsed url   search: null,
377 verbose parsed url   query: null,
377 verbose parsed url   pathname: '~0.4.3',
377 verbose parsed url   path: '~0.4.3',
377 verbose parsed url   href: '~0.4.3' }
378 verbose addNamed [ 'faye-websocket', '~0.4.3' ]
379 verbose addNamed [ null, '>=0.4.3-0 <0.5.0-0' ]
380 silly lockFile 20d63c72-faye-websocket-0-4-3 faye-websocket@~0.4.3
381 verbose lock faye-websocket@~0.4.3 /home/vinitlee/.npm/20d63c72-faye-websocket-0-4-3.lock
382 silly addNameRange { name: 'qs', range: '>=0.5.2-0 <0.6.0-0', hasData: false }
383 silly addNameRange { name: 'faye-websocket',
383 silly addNameRange   range: '>=0.4.3-0 <0.5.0-0',
383 silly addNameRange   hasData: false }
384 verbose cache add [ 'noptify@~0.0.3', null ]
385 verbose cache add name=undefined spec="noptify@~0.0.3" args=["noptify@~0.0.3",null]
386 verbose parsed url { protocol: null,
386 verbose parsed url   slashes: null,
386 verbose parsed url   auth: null,
386 verbose parsed url   host: null,
386 verbose parsed url   port: null,
386 verbose parsed url   hostname: null,
386 verbose parsed url   hash: null,
386 verbose parsed url   search: null,
386 verbose parsed url   query: null,
386 verbose parsed url   pathname: 'noptify@~0.0.3',
386 verbose parsed url   path: 'noptify@~0.0.3',
386 verbose parsed url   href: 'noptify@~0.0.3' }
387 verbose request where is /faye-websocket
388 verbose request registry https://registry.npmjs.org/
389 verbose url raw /faye-websocket
390 verbose url resolving [ 'https://registry.npmjs.org/', './faye-websocket' ]
391 verbose url resolved https://registry.npmjs.org/faye-websocket
392 verbose request where is https://registry.npmjs.org/faye-websocket
393 info trying registry request attempt 1 at 15:56:10
394 http GET https://registry.npmjs.org/faye-websocket
395 verbose cache add [ 'debug@~0.7.0', null ]
396 verbose cache add name=undefined spec="debug@~0.7.0" args=["debug@~0.7.0",null]
397 verbose parsed url { protocol: null,
397 verbose parsed url   slashes: null,
397 verbose parsed url   auth: null,
397 verbose parsed url   host: null,
397 verbose parsed url   port: null,
397 verbose parsed url   hostname: null,
397 verbose parsed url   hash: null,
397 verbose parsed url   search: null,
397 verbose parsed url   query: null,
397 verbose parsed url   pathname: 'debug@~0.7.0',
397 verbose parsed url   path: 'debug@~0.7.0',
397 verbose parsed url   href: 'debug@~0.7.0' }
398 verbose cache add name="noptify" spec="~0.0.3" args=["noptify","~0.0.3"]
399 verbose parsed url { protocol: null,
399 verbose parsed url   slashes: null,
399 verbose parsed url   auth: null,
399 verbose parsed url   host: null,
399 verbose parsed url   port: null,
399 verbose parsed url   hostname: null,
399 verbose parsed url   hash: null,
399 verbose parsed url   search: null,
399 verbose parsed url   query: null,
399 verbose parsed url   pathname: '~0.0.3',
399 verbose parsed url   path: '~0.0.3',
399 verbose parsed url   href: '~0.0.3' }
400 verbose addNamed [ 'noptify', '~0.0.3' ]
401 verbose addNamed [ null, '>=0.0.3-0 <0.1.0-0' ]
402 silly lockFile 76ed0893-noptify-0-0-3 noptify@~0.0.3
403 verbose lock noptify@~0.0.3 /home/vinitlee/.npm/76ed0893-noptify-0-0-3.lock
404 verbose cache add name="debug" spec="~0.7.0" args=["debug","~0.7.0"]
405 verbose parsed url { protocol: null,
405 verbose parsed url   slashes: null,
405 verbose parsed url   auth: null,
405 verbose parsed url   host: null,
405 verbose parsed url   port: null,
405 verbose parsed url   hostname: null,
405 verbose parsed url   hash: null,
405 verbose parsed url   search: null,
405 verbose parsed url   query: null,
405 verbose parsed url   pathname: '~0.7.0',
405 verbose parsed url   path: '~0.7.0',
405 verbose parsed url   href: '~0.7.0' }
406 verbose addNamed [ 'debug', '~0.7.0' ]
407 verbose addNamed [ null, '>=0.7.0-0 <0.8.0-0' ]
408 silly lockFile 88a35dfc-debug-0-7-0 debug@~0.7.0
409 verbose lock debug@~0.7.0 /home/vinitlee/.npm/88a35dfc-debug-0-7-0.lock
410 silly addNameRange { name: 'noptify', range: '>=0.0.3-0 <0.1.0-0', hasData: false }
411 verbose request where is /qs
412 verbose request registry https://registry.npmjs.org/
413 verbose url raw /qs
414 verbose url resolving [ 'https://registry.npmjs.org/', './qs' ]
415 verbose url resolved https://registry.npmjs.org/qs
416 verbose request where is https://registry.npmjs.org/qs
417 info trying registry request attempt 1 at 15:56:10
418 verbose etag "9WRMFB9X0WKKQO3MU4N6YJE5R"
419 http GET https://registry.npmjs.org/qs
420 verbose request where is /noptify
421 verbose request registry https://registry.npmjs.org/
422 verbose url raw /noptify
423 verbose url resolving [ 'https://registry.npmjs.org/', './noptify' ]
424 verbose url resolved https://registry.npmjs.org/noptify
425 verbose request where is https://registry.npmjs.org/noptify
426 info trying registry request attempt 1 at 15:56:10
427 http GET https://registry.npmjs.org/noptify
428 silly addNameRange { name: 'debug', range: '>=0.7.0-0 <0.8.0-0', hasData: false }
429 verbose request where is /debug
430 verbose request registry https://registry.npmjs.org/
431 verbose url raw /debug
432 verbose url resolving [ 'https://registry.npmjs.org/', './debug' ]
433 verbose url resolved https://registry.npmjs.org/debug
434 verbose request where is https://registry.npmjs.org/debug
435 info trying registry request attempt 1 at 15:56:10
436 http GET https://registry.npmjs.org/debug
437 silly gunzTarPerm extractEntry dist/lodash.js
438 silly gunzTarPerm modified mode [ 'dist/lodash.js', 420, 436 ]
439 silly gunzTarPerm extractEntry dist/lodash.min.js
440 silly gunzTarPerm modified mode [ 'dist/lodash.min.js', 420, 436 ]
441 silly gunzTarPerm extractEntry dist/lodash.underscore.js
442 silly gunzTarPerm modified mode [ 'dist/lodash.underscore.js', 420, 436 ]
443 silly gunzTarPerm extractEntry dist/lodash.underscore.min.js
444 silly gunzTarPerm modified mode [ 'dist/lodash.underscore.min.js', 420, 436 ]
445 http 304 https://registry.npmjs.org/qs
446 silly registry.get cb [ 304,
446 silly registry.get   { date: 'Thu, 24 Sep 2015 22:56:10 GMT',
446 silly registry.get     via: '1.1 varnish',
446 silly registry.get     'cache-control': 'max-age=60',
446 silly registry.get     etag: '"9WRMFB9X0WKKQO3MU4N6YJE5R"',
446 silly registry.get     age: '21',
446 silly registry.get     connection: 'keep-alive',
446 silly registry.get     'x-served-by': 'cache-sjc3135-SJC',
446 silly registry.get     'x-cache': 'HIT',
446 silly registry.get     'x-cache-hits': '3',
446 silly registry.get     'x-timer': 'S1443135370.302601,VS0,VE0',
446 silly registry.get     vary: 'Accept' } ]
447 verbose etag https://registry.npmjs.org/qs from cache
448 silly addNameRange number 2 { name: 'qs', range: '>=0.5.2-0 <0.6.0-0', hasData: true }
449 silly addNameRange versions [ 'qs',
449 silly addNameRange   [ '0.0.1',
449 silly addNameRange     '0.0.2',
449 silly addNameRange     '0.0.3',
449 silly addNameRange     '0.0.4',
449 silly addNameRange     '0.0.5',
449 silly addNameRange     '0.0.6',
449 silly addNameRange     '0.0.7',
449 silly addNameRange     '0.1.0',
449 silly addNameRange     '0.2.0',
449 silly addNameRange     '0.3.0',
449 silly addNameRange     '0.3.1',
449 silly addNameRange     '0.3.2',
449 silly addNameRange     '0.4.0',
449 silly addNameRange     '0.4.1',
449 silly addNameRange     '0.4.2',
449 silly addNameRange     '0.5.0',
449 silly addNameRange     '0.5.1',
449 silly addNameRange     '0.5.2',
449 silly addNameRange     '0.5.3',
449 silly addNameRange     '0.5.4',
449 silly addNameRange     '0.5.5',
449 silly addNameRange     '0.5.6',
449 silly addNameRange     '0.6.0',
449 silly addNameRange     '0.6.1',
449 silly addNameRange     '0.6.2',
449 silly addNameRange     '0.6.3',
449 silly addNameRange     '0.6.4',
449 silly addNameRange     '0.6.5',
449 silly addNameRange     '0.6.6',
449 silly addNameRange     '1.0.0',
449 silly addNameRange     '1.0.1',
449 silly addNameRange     '1.0.2',
449 silly addNameRange     '1.1.0',
449 silly addNameRange     '1.2.0',
449 silly addNameRange     '1.2.1',
449 silly addNameRange     '1.2.2',
449 silly addNameRange     '2.0.0',
449 silly addNameRange     '2.1.0',
449 silly addNameRange     '2.2.0',
449 silly addNameRange     '2.2.1',
449 silly addNameRange     '2.2.2',
449 silly addNameRange     '2.2.3',
449 silly addNameRange     '2.2.4',
449 silly addNameRange     '2.2.5',
449 silly addNameRange     '2.3.0',
449 silly addNameRange     '2.3.1',
449 silly addNameRange     '2.3.2',
449 silly addNameRange     '2.3.3',
449 silly addNameRange     '2.4.0',
449 silly addNameRange     '2.4.1',
449 silly addNameRange     '2.4.2',
449 silly addNameRange     '3.0.0',
449 silly addNameRange     '3.1.0',
449 silly addNameRange     '4.0.0',
449 silly addNameRange     '5.0.0',
449 silly addNameRange     '5.1.0' ] ]
450 verbose addNamed [ 'qs', '0.5.6' ]
451 verbose addNamed [ '0.5.6', '0.5.6' ]
452 silly lockFile 84168241-qs-0-5-6 qs@0.5.6
453 verbose lock qs@0.5.6 /home/vinitlee/.npm/84168241-qs-0-5-6.lock
454 silly lockFile d8d3c682-gistry-npmjs-org-qs-qs-0-5-6-tgz https://registry.npmjs.org/qs/-/qs-0.5.6.tgz
455 verbose lock https://registry.npmjs.org/qs/-/qs-0.5.6.tgz /home/vinitlee/.npm/d8d3c682-gistry-npmjs-org-qs-qs-0-5-6-tgz.lock
456 verbose addRemoteTarball [ 'https://registry.npmjs.org/qs/-/qs-0.5.6.tgz',
456 verbose addRemoteTarball   '31b1ad058567651c526921506b9a8793911a0384' ]
457 info retry fetch attempt 1 at 15:56:10
458 verbose fetch to= /tmp/npm-7383-xJrMyawu/registry.npmjs.org/qs/-/qs-0.5.6.tgz
459 http GET https://registry.npmjs.org/qs/-/qs-0.5.6.tgz
460 silly lockFile ea4e120f-ontrib-watch-node-modules-lodash tar:///media/vinitlee/Feelers/Documents/Code/pincushion/node_modules/grunt-contrib-watch/node_modules/lodash
461 silly lockFile ea4e120f-ontrib-watch-node-modules-lodash tar:///media/vinitlee/Feelers/Documents/Code/pincushion/node_modules/grunt-contrib-watch/node_modules/lodash
462 silly lockFile 578da3a4-lee-npm-lodash-2-4-2-package-tgz tar:///home/vinitlee/.npm/lodash/2.4.2/package.tgz
463 silly lockFile 578da3a4-lee-npm-lodash-2-4-2-package-tgz tar:///home/vinitlee/.npm/lodash/2.4.2/package.tgz
464 info preinstall lodash@2.4.2
465 verbose readDependencies using package.json deps
466 verbose readDependencies using package.json deps
467 silly resolved []
468 verbose about to build /media/vinitlee/Feelers/Documents/Code/pincushion/node_modules/grunt-contrib-watch/node_modules/lodash
469 info build /media/vinitlee/Feelers/Documents/Code/pincushion/node_modules/grunt-contrib-watch/node_modules/lodash
470 verbose linkStuff [ false,
470 verbose linkStuff   false,
470 verbose linkStuff   false,
470 verbose linkStuff   '/media/vinitlee/Feelers/Documents/Code/pincushion/node_modules/grunt-contrib-watch/node_modules' ]
471 info linkStuff lodash@2.4.2
472 verbose linkBins lodash@2.4.2
473 verbose linkMans lodash@2.4.2
474 verbose rebuildBundles lodash@2.4.2
475 info install lodash@2.4.2
476 info postinstall lodash@2.4.2
477 http 200 https://registry.npmjs.org/debug
478 silly registry.get cb [ 200,
478 silly registry.get   { server: 'CouchDB/1.5.0 (Erlang OTP/R16B03)',
478 silly registry.get     etag: '"3N53851IUGXL9ERO6WSRHJOBX"',
478 silly registry.get     'content-type': 'application/json',
478 silly registry.get     'cache-control': 'max-age=60',
478 silly registry.get     'content-length': '35380',
478 silly registry.get     'accept-ranges': 'bytes',
478 silly registry.get     date: 'Thu, 24 Sep 2015 22:56:10 GMT',
478 silly registry.get     via: '1.1 varnish',
478 silly registry.get     age: '47',
478 silly registry.get     connection: 'keep-alive',
478 silly registry.get     'x-served-by': 'cache-sjc3123-SJC',
478 silly registry.get     'x-cache': 'HIT',
478 silly registry.get     'x-cache-hits': '5',
478 silly registry.get     'x-timer': 'S1443135370.301674,VS0,VE0',
478 silly registry.get     vary: 'Accept' } ]
479 silly addNameRange number 2 { name: 'debug', range: '>=0.7.0-0 <0.8.0-0', hasData: true }
480 silly addNameRange versions [ 'debug',
480 silly addNameRange   [ '0.0.1',
480 silly addNameRange     '0.1.0',
480 silly addNameRange     '0.2.0',
480 silly addNameRange     '0.3.0',
480 silly addNameRange     '0.4.0',
480 silly addNameRange     '0.4.1',
480 silly addNameRange     '0.5.0',
480 silly addNameRange     '0.6.0',
480 silly addNameRange     '0.7.0',
480 silly addNameRange     '0.7.1',
480 silly addNameRange     '0.7.2',
480 silly addNameRange     '0.7.3',
480 silly addNameRange     '0.7.4',
480 silly addNameRange     '0.8.0',
480 silly addNameRange     '0.8.1',
480 silly addNameRange     '1.0.0',
480 silly addNameRange     '1.0.1',
480 silly addNameRange     '1.0.2',
480 silly addNameRange     '1.0.3',
480 silly addNameRange     '1.0.4',
480 silly addNameRange     '2.0.0',
480 silly addNameRange     '2.1.0',
480 silly addNameRange     '2.1.1',
480 silly addNameRange     '2.1.2',
480 silly addNameRange     '2.1.3',
480 silly addNameRange     '2.2.0' ] ]
481 verbose addNamed [ 'debug', '0.7.4' ]
482 verbose addNamed [ '0.7.4', '0.7.4' ]
483 silly lockFile 16160008-debug-0-7-4 debug@0.7.4
484 verbose lock debug@0.7.4 /home/vinitlee/.npm/16160008-debug-0-7-4.lock
485 silly lockFile e18a217e--npmjs-org-debug-debug-0-7-4-tgz https://registry.npmjs.org/debug/-/debug-0.7.4.tgz
486 verbose lock https://registry.npmjs.org/debug/-/debug-0.7.4.tgz /home/vinitlee/.npm/e18a217e--npmjs-org-debug-debug-0-7-4-tgz.lock
487 verbose addRemoteTarball [ 'https://registry.npmjs.org/debug/-/debug-0.7.4.tgz',
487 verbose addRemoteTarball   '06e1ea8082c2cb14e39806e22e2f6f757f92af39' ]
488 info retry fetch attempt 1 at 15:56:10
489 verbose fetch to= /tmp/npm-7383-xJrMyawu/registry.npmjs.org/debug/-/debug-0.7.4.tgz
490 http GET https://registry.npmjs.org/debug/-/debug-0.7.4.tgz
491 http 200 https://registry.npmjs.org/faye-websocket
492 silly registry.get cb [ 200,
492 silly registry.get   { server: 'CouchDB/1.5.0 (Erlang OTP/R16B03)',
492 silly registry.get     etag: '"6IWLVLS53963B3DEA36MEAKHE"',
492 silly registry.get     'content-type': 'application/json',
492 silly registry.get     'cache-control': 'max-age=60',
492 silly registry.get     'content-length': '42147',
492 silly registry.get     'accept-ranges': 'bytes',
492 silly registry.get     date: 'Thu, 24 Sep 2015 22:56:10 GMT',
492 silly registry.get     via: '1.1 varnish',
492 silly registry.get     age: '46',
492 silly registry.get     connection: 'keep-alive',
492 silly registry.get     'x-served-by': 'cache-sjc3124-SJC',
492 silly registry.get     'x-cache': 'HIT',
492 silly registry.get     'x-cache-hits': '3',
492 silly registry.get     'x-timer': 'S1443135370.298262,VS0,VE0',
492 silly registry.get     vary: 'Accept' } ]
493 silly addNameRange number 2 { name: 'faye-websocket',
493 silly addNameRange   range: '>=0.4.3-0 <0.5.0-0',
493 silly addNameRange   hasData: true }
494 silly addNameRange versions [ 'faye-websocket',
494 silly addNameRange   [ '0.1.0',
494 silly addNameRange     '0.1.1',
494 silly addNameRange     '0.1.2',
494 silly addNameRange     '0.2.0',
494 silly addNameRange     '0.3.0',
494 silly addNameRange     '0.3.1',
494 silly addNameRange     '0.4.0',
494 silly addNameRange     '0.4.1',
494 silly addNameRange     '0.4.2',
494 silly addNameRange     '0.4.3',
494 silly addNameRange     '0.4.4',
494 silly addNameRange     '0.5.0',
494 silly addNameRange     '0.6.0',
494 silly addNameRange     '0.6.1',
494 silly addNameRange     '0.7.0',
494 silly addNameRange     '0.7.1',
494 silly addNameRange     '0.7.2',
494 silly addNameRange     '0.7.3',
494 silly addNameRange     '0.8.0',
494 silly addNameRange     '0.8.1',
494 silly addNameRange     '0.9.0',
494 silly addNameRange     '0.9.1',
494 silly addNameRange     '0.9.2',
494 silly addNameRange     '0.9.3',
494 silly addNameRange     '0.9.4',
494 silly addNameRange     '0.10.0' ] ]
495 verbose addNamed [ 'faye-websocket', '0.4.4' ]
496 verbose addNamed [ '0.4.4', '0.4.4' ]
497 silly lockFile f9b80149-faye-websocket-0-4-4 faye-websocket@0.4.4
498 verbose lock faye-websocket@0.4.4 /home/vinitlee/.npm/f9b80149-faye-websocket-0-4-4.lock
499 silly lockFile 336a028c-bsocket-faye-websocket-0-4-4-tgz https://registry.npmjs.org/faye-websocket/-/faye-websocket-0.4.4.tgz
500 verbose lock https://registry.npmjs.org/faye-websocket/-/faye-websocket-0.4.4.tgz /home/vinitlee/.npm/336a028c-bsocket-faye-websocket-0-4-4-tgz.lock
501 verbose addRemoteTarball [ 'https://registry.npmjs.org/faye-websocket/-/faye-websocket-0.4.4.tgz',
501 verbose addRemoteTarball   'c14c5b3bf14d7417ffbfd990c0a7495cd9f337bc' ]
502 info retry fetch attempt 1 at 15:56:10
503 verbose fetch to= /tmp/npm-7383-xJrMyawu/registry.npmjs.org/faye-websocket/-/faye-websocket-0.4.4.tgz
504 http GET https://registry.npmjs.org/faye-websocket/-/faye-websocket-0.4.4.tgz
505 http 200 https://registry.npmjs.org/globule
506 silly registry.get cb [ 200,
506 silly registry.get   { server: 'CouchDB/1.5.0 (Erlang OTP/R16B03)',
506 silly registry.get     etag: '"4MRHUL3PZOWAT3TXB1JGH9YUM"',
506 silly registry.get     'content-type': 'application/json',
506 silly registry.get     'cache-control': 'max-age=60',
506 silly registry.get     'content-length': '21150',
506 silly registry.get     'accept-ranges': 'bytes',
506 silly registry.get     date: 'Thu, 24 Sep 2015 22:56:10 GMT',
506 silly registry.get     via: '1.1 varnish',
506 silly registry.get     age: '2',
506 silly registry.get     connection: 'keep-alive',
506 silly registry.get     'x-served-by': 'cache-lax1432-LAX',
506 silly registry.get     'x-cache': 'HIT',
506 silly registry.get     'x-cache-hits': '1',
506 silly registry.get     'x-timer': 'S1443135370.347802,VS0,VE0',
506 silly registry.get     vary: 'Accept' } ]
507 silly addNameRange number 2 { name: 'globule', range: '>=0.1.0-0 <0.2.0-0', hasData: true }
508 silly addNameRange versions [ 'globule', [ '0.1.0', '0.2.0' ] ]
509 verbose addNamed [ 'globule', '0.1.0' ]
510 verbose addNamed [ '0.1.0', '0.1.0' ]
511 silly lockFile 4277c43c-globule-0-1-0 globule@0.1.0
512 verbose lock globule@0.1.0 /home/vinitlee/.npm/4277c43c-globule-0-1-0.lock
513 silly lockFile f260f458-js-org-globule-globule-0-1-0-tgz https://registry.npmjs.org/globule/-/globule-0.1.0.tgz
514 verbose lock https://registry.npmjs.org/globule/-/globule-0.1.0.tgz /home/vinitlee/.npm/f260f458-js-org-globule-globule-0-1-0-tgz.lock
515 verbose addRemoteTarball [ 'https://registry.npmjs.org/globule/-/globule-0.1.0.tgz',
515 verbose addRemoteTarball   'd9c8edde1da79d125a151b79533b978676346ae5' ]
516 info retry fetch attempt 1 at 15:56:10
517 verbose fetch to= /tmp/npm-7383-xJrMyawu/registry.npmjs.org/globule/-/globule-0.1.0.tgz
518 http GET https://registry.npmjs.org/globule/-/globule-0.1.0.tgz
519 http 200 https://registry.npmjs.org/debug/-/debug-0.7.4.tgz
520 silly lockFile e18a217e--npmjs-org-debug-debug-0-7-4-tgz https://registry.npmjs.org/debug/-/debug-0.7.4.tgz
521 silly lockFile e18a217e--npmjs-org-debug-debug-0-7-4-tgz https://registry.npmjs.org/debug/-/debug-0.7.4.tgz
522 silly lockFile 16160008-debug-0-7-4 debug@0.7.4
523 silly lockFile 16160008-debug-0-7-4 debug@0.7.4
524 silly lockFile 88a35dfc-debug-0-7-0 debug@~0.7.0
525 silly lockFile 88a35dfc-debug-0-7-0 debug@~0.7.0
526 http 200 https://registry.npmjs.org/qs/-/qs-0.5.6.tgz
527 http 200 https://registry.npmjs.org/faye-websocket/-/faye-websocket-0.4.4.tgz
528 silly lockFile 336a028c-bsocket-faye-websocket-0-4-4-tgz https://registry.npmjs.org/faye-websocket/-/faye-websocket-0.4.4.tgz
529 silly lockFile 336a028c-bsocket-faye-websocket-0-4-4-tgz https://registry.npmjs.org/faye-websocket/-/faye-websocket-0.4.4.tgz
530 silly lockFile f9b80149-faye-websocket-0-4-4 faye-websocket@0.4.4
531 silly lockFile f9b80149-faye-websocket-0-4-4 faye-websocket@0.4.4
532 silly lockFile 20d63c72-faye-websocket-0-4-3 faye-websocket@~0.4.3
533 silly lockFile 20d63c72-faye-websocket-0-4-3 faye-websocket@~0.4.3
534 silly lockFile d8d3c682-gistry-npmjs-org-qs-qs-0-5-6-tgz https://registry.npmjs.org/qs/-/qs-0.5.6.tgz
535 silly lockFile d8d3c682-gistry-npmjs-org-qs-qs-0-5-6-tgz https://registry.npmjs.org/qs/-/qs-0.5.6.tgz
536 silly lockFile 84168241-qs-0-5-6 qs@0.5.6
537 silly lockFile 84168241-qs-0-5-6 qs@0.5.6
538 silly lockFile 60f93a07-qs-0-5-2 qs@~0.5.2
539 silly lockFile 60f93a07-qs-0-5-2 qs@~0.5.2
540 verbose about to build /media/vinitlee/Feelers/Documents/Code/pincushion/node_modules/grunt-contrib-watch/node_modules/tiny-lr-fork
541 verbose node_modules/grunt-contrib-watch/node_modules/tiny-lr-fork unbuild
542 info preuninstall tiny-lr-fork@0.0.5
543 info uninstall tiny-lr-fork@0.0.5
544 verbose false,/media/vinitlee/Feelers/Documents/Code/pincushion/node_modules,/media/vinitlee/Feelers/Documents/Code/pincushion/node_modules/grunt-contrib-watch/node_modules unbuild tiny-lr-fork@0.0.5
545 verbose /media/vinitlee/Feelers/Documents/Code/pincushion/node_modules/grunt-contrib-watch/node_modules/.bin,[object Object] binRoot
546 info postuninstall tiny-lr-fork@0.0.5
547 verbose about to build /media/vinitlee/Feelers/Documents/Code/pincushion/node_modules/grunt-contrib-watch
548 verbose node_modules/grunt-contrib-watch unbuild
549 info preuninstall grunt-contrib-watch@0.6.1
550 info uninstall grunt-contrib-watch@0.6.1
551 verbose true,/media/vinitlee/Feelers/Documents/Code/pincushion/node_modules,/media/vinitlee/Feelers/Documents/Code/pincushion/node_modules unbuild grunt-contrib-watch@0.6.1
552 info postuninstall grunt-contrib-watch@0.6.1
553 error Error: EACCES, mkdir '/home/vinitlee/.npm/qs/0.5.6'
553 error  { [Error: EACCES, mkdir '/home/vinitlee/.npm/qs/0.5.6']
553 error   errno: 3,
553 error   code: 'EACCES',
553 error   path: '/home/vinitlee/.npm/qs/0.5.6',
553 error   parent: 'tiny-lr-fork' }
554 error Please try running this command again as root/Administrator.
555 error System Linux 3.19.0-28-generic
556 error command "/usr/bin/nodejs" "/usr/bin/npm" "install" "--save-dev" "grunt-contrib-watch"
557 error cwd /media/vinitlee/Feelers/Documents/Code/pincushion
558 error node -v v0.10.25
559 error npm -v 1.4.21
560 error path /home/vinitlee/.npm/qs/0.5.6
561 error code EACCES
562 error errno 3
563 error stack Error: EACCES, mkdir '/home/vinitlee/.npm/qs/0.5.6'
564 verbose exit [ 3, true ]
